2023.04.07 19:02:26 INFO  Started: Metals version 0.11.11 in workspace 'C:\TODO\GitHub archivos\PAP\PL2\Candy_Scala_basico' for client Visual Studio Code 1.76.2.
SLF4J: No SLF4J providers were found.
SLF4J: Defaulting to no-operation (NOP) logger implementation
SLF4J: See https://www.slf4j.org/codes.html#noProviders for further details.
SLF4J: Class path contains SLF4J bindings targeting slf4j-api versions 1.7.x or earlier.
SLF4J: Ignoring binding found at [jar:file:/C:/Users/micue/AppData/Local/Coursier/cache/v1/https/repo1.maven.org/maven2/com/outr/scribe-slf4j_2.13/3.11.0/scribe-slf4j_2.13-3.11.0.jar!/org/slf4j/impl/StaticLoggerBinder.class]
SLF4J: See https://www.slf4j.org/codes.html#ignoredBindings for an explanation.
2023.04.07 19:02:27 INFO  time: initialize in 0.93s
2023.04.07 19:02:30 WARN  Build server is not auto-connectable.
2023.04.07 19:02:30 WARN  no build tool detected in workspace 'C:\TODO\GitHub archivos\PAP\PL2\Candy_Scala_basico'. The most common cause for this problem is that the editor was opened in the wrong working directory, for example if you use sbt then the workspace directory should contain build.sbt. 
2023.04.07 19:02:30 WARN  no build target for: C:\TODO\GitHub archivos\PAP\PL2\Candy_Scala_basico\src\Main.scala
abr 07, 2023 7:02:33 P. M. org.eclipse.lsp4j.jsonrpc.RemoteEndpoint handleCancellation
WARNING: Unmatched cancel notification for request id 1
abr 07, 2023 7:02:33 P. M. org.eclipse.lsp4j.jsonrpc.RemoteEndpoint handleCancellation
WARNING: Unmatched cancel notification for request id 4
2023.04.07 19:02:39 INFO  no build target found for C:\TODO\GitHub archivos\PAP\PL2\Candy_Scala_basico\src\Main.scala. Using presentation compiler with project's scala-library version: 3.2.2
2023.04.07 19:02:43 INFO  time: code lens generation in 10s
abr 07, 2023 7:03:07 P. M. org.eclipse.lsp4j.jsonrpc.RemoteEndpoint fallbackResponseError
SEVERE: Internal error: scala.meta.internal.metals.debug.BuildTargetNotFoundForPathException: No build target could be found for the path: C:\TODO\GitHub archivos\PAP\PL2\Candy_Scala_basico\src\Main.scala
java.util.concurrent.CompletionException: scala.meta.internal.metals.debug.BuildTargetNotFoundForPathException: No build target could be found for the path: C:\TODO\GitHub archivos\PAP\PL2\Candy_Scala_basico\src\Main.scala
	at java.base/java.util.concurrent.CompletableFuture.encodeThrowable(CompletableFuture.java:332)
	at java.base/java.util.concurrent.CompletableFuture.uniAcceptNow(CompletableFuture.java:747)
	at java.base/java.util.concurrent.CompletableFuture.uniAcceptStage(CompletableFuture.java:735)
	at java.base/java.util.concurrent.CompletableFuture.thenAcceptAsync(CompletableFuture.java:2186)
	at scala.concurrent.java8.FuturesConvertersImpl$CF.thenAccept(FutureConvertersImpl.scala:37)
	at org.eclipse.lsp4j.jsonrpc.RemoteEndpoint.handleRequest(RemoteEndpoint.java:279)
	at org.eclipse.lsp4j.jsonrpc.RemoteEndpoint.consume(RemoteEndpoint.java:190)
	at org.eclipse.lsp4j.jsonrpc.json.StreamMessageProducer.handleMessage(StreamMessageProducer.java:194)
	at org.eclipse.lsp4j.jsonrpc.json.StreamMessageProducer.listen(StreamMessageProducer.java:94)
	at org.eclipse.lsp4j.jsonrpc.json.ConcurrentMessageProcessor.run(ConcurrentMessageProcessor.java:113)
	at java.base/java.util.concurrent.Executors$RunnableAdapter.call(Executors.java:539)
	at java.base/java.util.concurrent.FutureTask.run(FutureTask.java:264)
	at java.base/java.util.concurrent.ThreadPoolExecutor.runWorker(ThreadPoolExecutor.java:1136)
	at java.base/java.util.concurrent.ThreadPoolExecutor$Worker.run(ThreadPoolExecutor.java:635)
	at java.base/java.lang.Thread.run(Thread.java:833)
Caused by: scala.meta.internal.metals.debug.BuildTargetNotFoundForPathException: No build target could be found for the path: C:\TODO\GitHub archivos\PAP\PL2\Candy_Scala_basico\src\Main.scala
	at scala.meta.internal.metals.debug.DebugProvider.debugDiscovery(DebugProvider.scala:469)
	at scala.meta.internal.metals.debug.DebugProvider.runCommandDiscovery(DebugProvider.scala:419)
	at scala.meta.internal.metals.MetalsLspService.executeCommand(MetalsLspService.scala:1840)
	at scala.meta.metals.lsp.DelegatingScalaService.executeCommand(DelegatingScalaService.scala:169)
	at java.base/jdk.internal.reflect.NativeMethodAccessorImpl.invoke0(Native Method)
	at java.base/jdk.internal.reflect.NativeMethodAccessorImpl.invoke(NativeMethodAccessorImpl.java:77)
	at java.base/jdk.internal.reflect.DelegatingMethodAccessorImpl.invoke(DelegatingMethodAccessorImpl.java:43)
	at java.base/java.lang.reflect.Method.invoke(Method.java:568)
	at org.eclipse.lsp4j.jsonrpc.services.GenericEndpoint.lambda$null$0(GenericEndpoint.java:65)
	at org.eclipse.lsp4j.jsonrpc.services.GenericEndpoint.request(GenericEndpoint.java:120)
	at org.eclipse.lsp4j.jsonrpc.RemoteEndpoint.handleRequest(RemoteEndpoint.java:261)
	... 9 more

2023.04.07 20:18:40 INFO  Shutting down server
2023.04.07 20:18:40 INFO  shutting down Metals
2023.04.07 20:18:40 INFO  Exiting server
2023.04.12 18:49:47 INFO  Started: Metals version 0.11.11 in workspace 'C:\TODO\GitHub archivos\PAP\PL2\Candy_Scala_basico' for client Visual Studio Code 1.77.1.
SLF4J: No SLF4J providers were found.
SLF4J: Defaulting to no-operation (NOP) logger implementation
SLF4J: See https://www.slf4j.org/codes.html#noProviders for further details.
SLF4J: Class path contains SLF4J bindings targeting slf4j-api versions 1.7.x or earlier.
SLF4J: Ignoring binding found at [jar:file:/C:/Users/micue/AppData/Local/Coursier/cache/v1/https/repo1.maven.org/maven2/com/outr/scribe-slf4j_2.13/3.11.0/scribe-slf4j_2.13-3.11.0.jar!/org/slf4j/impl/StaticLoggerBinder.class]
SLF4J: See https://www.slf4j.org/codes.html#ignoredBindings for an explanation.
2023.04.12 18:49:48 INFO  time: initialize in 1.04s
2023.04.12 18:49:55 WARN  Build server is not auto-connectable.
2023.04.12 18:49:55 WARN  no build tool detected in workspace 'C:\TODO\GitHub archivos\PAP\PL2\Candy_Scala_basico'. The most common cause for this problem is that the editor was opened in the wrong working directory, for example if you use sbt then the workspace directory should contain build.sbt. 
2023.04.12 18:49:55 WARN  no build target for: C:\TODO\GitHub archivos\PAP\PL2\Candy_Scala_basico\src\Main.scala
2023.04.12 18:50:03 INFO  no build target found for C:\TODO\GitHub archivos\PAP\PL2\Candy_Scala_basico\src\Main.scala. Using presentation compiler with project's scala-library version: 3.2.2
2023.04.12 18:50:10 INFO  time: code lens generation in 14s
2023.04.12 18:52:02 INFO  Shutting down server
2023.04.12 18:52:02 INFO  shutting down Metals
2023.04.12 18:52:02 INFO  Exiting server
